build/app/intermediates/manifest_merge_blame_file/release/processReleaseMainManifest/manifest-merger-blame-release-report.txt
1<?xml version="1.0" encoding="utf-8"?>
2<manifest xmlns:android="http://schemas.android.com/apk/res/android"
3    package="com.ziewnic.loyaltyprograms"
4    android:versionCode="1"
5    android:versionName="1.0.0" >
6
7    <uses-sdk
8        android:minSdkVersion="21"
9        android:targetSdkVersion="35" />
10
11    <uses-permission android:name="android.permission.CAMERA" />
11-->src/main/AndroidManifest.xml:3:5-64
11-->src/main/AndroidManifest.xml:3:22-62
12    <uses-permission android:name="android.permission.READ_EXTERNAL_STORAGE" />
12-->src/main/AndroidManifest.xml:4:5-79
12-->src/main/AndroidManifest.xml:4:22-77
13    <uses-permission android:name="android.permission.WRITE_EXTERNAL_STORAGE" />
13-->src/main/AndroidManifest.xml:5:5-7:47
13-->src/main/AndroidManifest.xml:6:9-65
14    <uses-permission android:name="android.permission.READ_MEDIA_IMAGES" />
14-->src/main/AndroidManifest.xml:8:5-75
14-->src/main/AndroidManifest.xml:8:22-73
15    <uses-permission android:name="android.permission.READ_MEDIA_VIDEO" />
15-->src/main/AndroidManifest.xml:9:5-74
15-->src/main/AndroidManifest.xml:9:22-72
16    <!--
17         Required to query activities that can process text, see:
18         https://developer.android.com/training/package-visibility and
19         https://developer.android.com/reference/android/content/Intent#ACTION_PROCESS_TEXT.
20
21         In particular, this is used by the Flutter engine in io.flutter.plugin.text.ProcessTextPlugin.
22    -->
23    <queries>
23-->src/main/AndroidManifest.xml:47:5-52:15
24        <intent>
24-->src/main/AndroidManifest.xml:48:9-51:18
25            <action android:name="android.intent.action.PROCESS_TEXT" />
25-->src/main/AndroidManifest.xml:49:13-72
25-->src/main/AndroidManifest.xml:49:21-70
26
27            <data android:mimeType="text/plain" />
27-->src/main/AndroidManifest.xml:50:13-50
27-->src/main/AndroidManifest.xml:50:19-48
28        </intent>
29    </queries>
30
31    <uses-feature
31-->[:mobile_scanner] AndroidManifest.xml:9:5-11:36
32        android:name="android.hardware.camera"
32-->[:mobile_scanner] AndroidManifest.xml:10:9-47
33        android:required="false" />
33-->[:mobile_scanner] AndroidManifest.xml:11:9-33
34
35    <permission
35-->[androidx.core:core:1.13.1] AndroidManifest.xml:22:5-24:47
36        android:name="com.ziewnic.loyaltyprograms.DYNAMIC_RECEIVER_NOT_EXPORTED_PERMISSION"
36-->[androidx.core:core:1.13.1] AndroidManifest.xml:23:9-81
37        android:protectionLevel="signature" />
37-->[androidx.core:core:1.13.1] AndroidManifest.xml:24:9-44
38
39    <uses-permission android:name="com.ziewnic.loyaltyprograms.DYNAMIC_RECEIVER_NOT_EXPORTED_PERMISSION" /> <!-- Although the *SdkVersion is captured in gradle build files, this is required for non gradle builds -->
39-->[androidx.core:core:1.13.1] AndroidManifest.xml:26:5-97
39-->[androidx.core:core:1.13.1] AndroidManifest.xml:26:22-94
40    <!-- <uses-sdk android:minSdkVersion="14"/> -->
41    <uses-permission android:name="android.permission.ACCESS_NETWORK_STATE" />
41-->[com.google.android.datatransport:transport-backend-cct:2.3.3] AndroidManifest.xml:25:5-79
41-->[com.google.android.datatransport:transport-backend-cct:2.3.3] AndroidManifest.xml:25:22-76
42    <uses-permission android:name="android.permission.INTERNET" />
42-->[com.google.android.datatransport:transport-backend-cct:2.3.3] AndroidManifest.xml:26:5-67
42-->[com.google.android.datatransport:transport-backend-cct:2.3.3] AndroidManifest.xml:26:22-64
43
44    <application
45        android:name="android.app.Application"
45-->src/main/AndroidManifest.xml:12:9-42
46        android:appComponentFactory="androidx.core.app.CoreComponentFactory"
46-->[androidx.core:core:1.13.1] AndroidManifest.xml:28:18-86
47        android:extractNativeLibs="true"
48        android:icon="@mipmap/ic_launcher"
48-->src/main/AndroidManifest.xml:13:9-43
49        android:label="Loyalty Program" >
49-->src/main/AndroidManifest.xml:11:9-40
50        <activity
50-->src/main/AndroidManifest.xml:14:9-35:20
51            android:name="com.example.loyalty_program.MainActivity"
51-->src/main/AndroidManifest.xml:15:13-41
52            android:configChanges="orientation|keyboardHidden|keyboard|screenSize|smallestScreenSize|locale|layoutDirection|fontScale|screenLayout|density|uiMode"
52-->src/main/AndroidManifest.xml:20:13-163
53            android:exported="true"
53-->src/main/AndroidManifest.xml:16:13-36
54            android:hardwareAccelerated="true"
54-->src/main/AndroidManifest.xml:21:13-47
55            android:launchMode="singleTop"
55-->src/main/AndroidManifest.xml:17:13-43
56            android:taskAffinity=""
56-->src/main/AndroidManifest.xml:18:13-36
57            android:theme="@style/LaunchTheme"
57-->src/main/AndroidManifest.xml:19:13-47
58            android:windowSoftInputMode="adjustResize" >
58-->src/main/AndroidManifest.xml:22:13-55
59
60            <!--
61                 Specifies an Android theme to apply to this Activity as soon as
62                 the Android process has started. This theme is visible to the user
63                 while the Flutter UI initializes. After that, this theme continues
64                 to determine the Window background behind the Flutter UI.
65            -->
66            <meta-data
66-->src/main/AndroidManifest.xml:27:13-30:17
67                android:name="io.flutter.embedding.android.NormalTheme"
67-->src/main/AndroidManifest.xml:28:15-70
68                android:resource="@style/NormalTheme" />
68-->src/main/AndroidManifest.xml:29:15-52
69
70            <intent-filter>
70-->src/main/AndroidManifest.xml:31:13-34:29
71                <action android:name="android.intent.action.MAIN" />
71-->src/main/AndroidManifest.xml:32:17-68
71-->src/main/AndroidManifest.xml:32:25-66
72
73                <category android:name="android.intent.category.LAUNCHER" />
73-->src/main/AndroidManifest.xml:33:17-76
73-->src/main/AndroidManifest.xml:33:27-74
74            </intent-filter>
75        </activity>
76        <!--
77             Don't delete the meta-data below.
78             This is used by the Flutter tool to generate GeneratedPluginRegistrant.java
79        -->
80        <meta-data
80-->src/main/AndroidManifest.xml:38:9-40:33
81            android:name="flutterEmbedding"
81-->src/main/AndroidManifest.xml:39:13-44
82            android:value="2" />
82-->src/main/AndroidManifest.xml:40:13-30
83
84        <provider
84-->[:image_picker_android] AndroidManifest.xml:9:9-17:20
85            android:name="io.flutter.plugins.imagepicker.ImagePickerFileProvider"
85-->[:image_picker_android] AndroidManifest.xml:10:13-82
86            android:authorities="com.ziewnic.loyaltyprograms.flutter.image_provider"
86-->[:image_picker_android] AndroidManifest.xml:11:13-74
87            android:exported="false"
87-->[:image_picker_android] AndroidManifest.xml:12:13-37
88            android:grantUriPermissions="true" >
88-->[:image_picker_android] AndroidManifest.xml:13:13-47
89            <meta-data
89-->[:image_picker_android] AndroidManifest.xml:14:13-16:75
90                android:name="android.support.FILE_PROVIDER_PATHS"
90-->[:image_picker_android] AndroidManifest.xml:15:17-67
91                android:resource="@xml/flutter_image_picker_file_paths" />
91-->[:image_picker_android] AndroidManifest.xml:16:17-72
92        </provider> <!-- Trigger Google Play services to install the backported photo picker module. -->
93        <service
93-->[:image_picker_android] AndroidManifest.xml:19:9-31:19
94            android:name="com.google.android.gms.metadata.ModuleDependencies"
94-->[:image_picker_android] AndroidManifest.xml:20:13-78
95            android:enabled="false"
95-->[:image_picker_android] AndroidManifest.xml:21:13-36
96            android:exported="false" >
96-->[:image_picker_android] AndroidManifest.xml:22:13-37
97            <intent-filter>
97-->[:image_picker_android] AndroidManifest.xml:24:13-26:29
98                <action android:name="com.google.android.gms.metadata.MODULE_DEPENDENCIES" />
98-->[:image_picker_android] AndroidManifest.xml:25:17-94
98-->[:image_picker_android] AndroidManifest.xml:25:25-91
99            </intent-filter>
100
101            <meta-data
101-->[:image_picker_android] AndroidManifest.xml:28:13-30:36
102                android:name="photopicker_activity:0:required"
102-->[:image_picker_android] AndroidManifest.xml:29:17-63
103                android:value="" />
103-->[:image_picker_android] AndroidManifest.xml:30:17-33
104        </service>
105        <!--
106        Service for holding metadata. Cannot be instantiated.
107        Metadata will be merged from other manifests.
108        -->
109        <service
109-->[androidx.camera:camera-core:1.3.3] AndroidManifest.xml:29:9-33:78
110            android:name="androidx.camera.core.impl.MetadataHolderService"
110-->[androidx.camera:camera-core:1.3.3] AndroidManifest.xml:30:13-75
111            android:enabled="false"
111-->[androidx.camera:camera-core:1.3.3] AndroidManifest.xml:31:13-36
112            android:exported="false" >
112-->[androidx.camera:camera-core:1.3.3] AndroidManifest.xml:32:13-37
113            <meta-data
113-->[androidx.camera:camera-camera2:1.3.3] AndroidManifest.xml:30:13-32:89
114                android:name="androidx.camera.core.impl.MetadataHolderService.DEFAULT_CONFIG_PROVIDER"
114-->[androidx.camera:camera-camera2:1.3.3] AndroidManifest.xml:31:17-103
115                android:value="androidx.camera.camera2.Camera2Config$DefaultProvider" />
115-->[androidx.camera:camera-camera2:1.3.3] AndroidManifest.xml:32:17-86
116        </service>
117
118        <uses-library
118-->[androidx.window:window:1.2.0] AndroidManifest.xml:23:9-25:40
119            android:name="androidx.window.extensions"
119-->[androidx.window:window:1.2.0] AndroidManifest.xml:24:13-54
120            android:required="false" />
120-->[androidx.window:window:1.2.0] AndroidManifest.xml:25:13-37
121        <uses-library
121-->[androidx.window:window:1.2.0] AndroidManifest.xml:26:9-28:40
122            android:name="androidx.window.sidecar"
122-->[androidx.window:window:1.2.0] AndroidManifest.xml:27:13-51
123            android:required="false" />
123-->[androidx.window:window:1.2.0] AndroidManifest.xml:28:13-37
124
125        <service
125-->[com.google.android.gms:play-services-mlkit-barcode-scanning:18.3.0] AndroidManifest.xml:9:9-15:19
126            android:name="com.google.mlkit.common.internal.MlKitComponentDiscoveryService"
126-->[com.google.android.gms:play-services-mlkit-barcode-scanning:18.3.0] AndroidManifest.xml:10:13-91
127            android:directBootAware="true"
127-->[com.google.mlkit:common:18.9.0] AndroidManifest.xml:17:13-43
128            android:exported="false" >
128-->[com.google.android.gms:play-services-mlkit-barcode-scanning:18.3.0] AndroidManifest.xml:11:13-37
129            <meta-data
129-->[com.google.android.gms:play-services-mlkit-barcode-scanning:18.3.0] AndroidManifest.xml:12:13-14:85
130                android:name="com.google.firebase.components:com.google.mlkit.vision.barcode.internal.BarcodeRegistrar"
130-->[com.google.android.gms:play-services-mlkit-barcode-scanning:18.3.0] AndroidManifest.xml:13:17-120
131                android:value="com.google.firebase.components.ComponentRegistrar" />
131-->[com.google.android.gms:play-services-mlkit-barcode-scanning:18.3.0] AndroidManifest.xml:14:17-82
132            <meta-data
132-->[com.google.mlkit:vision-common:17.3.0] AndroidManifest.xml:12:13-14:85
133                android:name="com.google.firebase.components:com.google.mlkit.vision.common.internal.VisionCommonRegistrar"
133-->[com.google.mlkit:vision-common:17.3.0] AndroidManifest.xml:13:17-124
134                android:value="com.google.firebase.components.ComponentRegistrar" />
134-->[com.google.mlkit:vision-common:17.3.0] AndroidManifest.xml:14:17-82
135            <meta-data
135-->[com.google.mlkit:common:18.9.0] AndroidManifest.xml:20:13-22:85
136                android:name="com.google.firebase.components:com.google.mlkit.common.internal.CommonComponentRegistrar"
136-->[com.google.mlkit:common:18.9.0] AndroidManifest.xml:21:17-120
137                android:value="com.google.firebase.components.ComponentRegistrar" />
137-->[com.google.mlkit:common:18.9.0] AndroidManifest.xml:22:17-82
138        </service>
139
140        <provider
140-->[com.google.mlkit:common:18.9.0] AndroidManifest.xml:9:9-13:38
141            android:name="com.google.mlkit.common.internal.MlKitInitProvider"
141-->[com.google.mlkit:common:18.9.0] AndroidManifest.xml:10:13-78
142            android:authorities="com.ziewnic.loyaltyprograms.mlkitinitprovider"
142-->[com.google.mlkit:common:18.9.0] AndroidManifest.xml:11:13-69
143            android:exported="false"
143-->[com.google.mlkit:common:18.9.0] AndroidManifest.xml:12:13-37
144            android:initOrder="99" />
144-->[com.google.mlkit:common:18.9.0] AndroidManifest.xml:13:13-35
145
146        <activity
146-->[com.google.android.gms:play-services-base:18.1.0] AndroidManifest.xml:20:9-22:45
147            android:name="com.google.android.gms.common.api.GoogleApiActivity"
147-->[com.google.android.gms:play-services-base:18.1.0] AndroidManifest.xml:20:19-85
148            android:exported="false"
148-->[com.google.android.gms:play-services-base:18.1.0] AndroidManifest.xml:22:19-43
149            android:theme="@android:style/Theme.Translucent.NoTitleBar" />
149-->[com.google.android.gms:play-services-base:18.1.0] AndroidManifest.xml:21:19-78
150
151        <meta-data
151-->[com.google.android.gms:play-services-basement:18.1.0] AndroidManifest.xml:21:9-23:69
152            android:name="com.google.android.gms.version"
152-->[com.google.android.gms:play-services-basement:18.1.0] AndroidManifest.xml:22:13-58
153            android:value="@integer/google_play_services_version" />
153-->[com.google.android.gms:play-services-basement:18.1.0] AndroidManifest.xml:23:13-66
154
155        <provider
155-->[androidx.lifecycle:lifecycle-process:2.7.0] AndroidManifest.xml:24:9-32:20
156            android:name="androidx.startup.InitializationProvider"
156-->[androidx.lifecycle:lifecycle-process:2.7.0] AndroidManifest.xml:25:13-67
157            android:authorities="com.ziewnic.loyaltyprograms.androidx-startup"
157-->[androidx.lifecycle:lifecycle-process:2.7.0] AndroidManifest.xml:26:13-68
158            android:exported="false" >
158-->[androidx.lifecycle:lifecycle-process:2.7.0] AndroidManifest.xml:27:13-37
159            <meta-data
159-->[androidx.lifecycle:lifecycle-process:2.7.0] AndroidManifest.xml:29:13-31:52
160                android:name="androidx.lifecycle.ProcessLifecycleInitializer"
160-->[androidx.lifecycle:lifecycle-process:2.7.0] AndroidManifest.xml:30:17-78
161                android:value="androidx.startup" />
161-->[androidx.lifecycle:lifecycle-process:2.7.0] AndroidManifest.xml:31:17-49
162            <meta-data
162-->[androidx.profileinstaller:profileinstaller:1.4.0] AndroidManifest.xml:29:13-31:52
163                android:name="androidx.profileinstaller.ProfileInstallerInitializer"
163-->[androidx.profileinstaller:profileinstaller:1.4.0] AndroidManifest.xml:30:17-85
164                android:value="androidx.startup" />
164-->[androidx.profileinstaller:profileinstaller:1.4.0] AndroidManifest.xml:31:17-49
165        </provider>
166
167        <receiver
167-->[androidx.profileinstaller:profileinstaller:1.4.0] AndroidManifest.xml:34:9-52:20
168            android:name="androidx.profileinstaller.ProfileInstallReceiver"
168-->[androidx.profileinstaller:profileinstaller:1.4.0] AndroidManifest.xml:35:13-76
169            android:directBootAware="false"
169-->[androidx.profileinstaller:profileinstaller:1.4.0] AndroidManifest.xml:36:13-44
170            android:enabled="true"
170-->[androidx.profileinstaller:profileinstaller:1.4.0] AndroidManifest.xml:37:13-35
171            android:exported="true"
171-->[androidx.profileinstaller:profileinstaller:1.4.0] AndroidManifest.xml:38:13-36
172            android:permission="android.permission.DUMP" >
172-->[androidx.profileinstaller:profileinstaller:1.4.0] AndroidManifest.xml:39:13-57
173            <intent-filter>
173-->[androidx.profileinstaller:profileinstaller:1.4.0] AndroidManifest.xml:40:13-42:29
174                <action android:name="androidx.profileinstaller.action.INSTALL_PROFILE" />
174-->[androidx.profileinstaller:profileinstaller:1.4.0] AndroidManifest.xml:41:17-91
174-->[androidx.profileinstaller:profileinstaller:1.4.0] AndroidManifest.xml:41:25-88
175            </intent-filter>
176            <intent-filter>
176-->[androidx.profileinstaller:profileinstaller:1.4.0] AndroidManifest.xml:43:13-45:29
177                <action android:name="androidx.profileinstaller.action.SKIP_FILE" />
177-->[androidx.profileinstaller:profileinstaller:1.4.0] AndroidManifest.xml:44:17-85
177-->[androidx.profileinstaller:profileinstaller:1.4.0] AndroidManifest.xml:44:25-82
178            </intent-filter>
179            <intent-filter>
179-->[androidx.profileinstaller:profileinstaller:1.4.0] AndroidManifest.xml:46:13-48:29
180                <action android:name="androidx.profileinstaller.action.SAVE_PROFILE" />
180-->[androidx.profileinstaller:profileinstaller:1.4.0] AndroidManifest.xml:47:17-88
180-->[androidx.profileinstaller:profileinstaller:1.4.0] AndroidManifest.xml:47:25-85
181            </intent-filter>
182            <intent-filter>
182-->[androidx.profileinstaller:profileinstaller:1.4.0] AndroidManifest.xml:49:13-51:29
183                <action android:name="androidx.profileinstaller.action.BENCHMARK_OPERATION" />
183-->[androidx.profileinstaller:profileinstaller:1.4.0] AndroidManifest.xml:50:17-95
183-->[androidx.profileinstaller:profileinstaller:1.4.0] AndroidManifest.xml:50:25-92
184            </intent-filter>
185        </receiver>
186
187        <service
187-->[com.google.android.datatransport:transport-backend-cct:2.3.3] AndroidManifest.xml:29:9-35:19
188            android:name="com.google.android.datatransport.runtime.backends.TransportBackendDiscovery"
188-->[com.google.android.datatransport:transport-backend-cct:2.3.3] AndroidManifest.xml:30:13-103
189            android:exported="false" >
189-->[com.google.android.datatransport:transport-backend-cct:2.3.3] AndroidManifest.xml:31:13-37
190            <meta-data
190-->[com.google.android.datatransport:transport-backend-cct:2.3.3] AndroidManifest.xml:32:13-34:39
191                android:name="backend:com.google.android.datatransport.cct.CctBackendFactory"
191-->[com.google.android.datatransport:transport-backend-cct:2.3.3] AndroidManifest.xml:33:17-94
192                android:value="cct" />
192-->[com.google.android.datatransport:transport-backend-cct:2.3.3] AndroidManifest.xml:34:17-36
193        </service>
194        <service
194-->[com.google.android.datatransport:transport-runtime:2.2.6] AndroidManifest.xml:26:9-30:19
195            android:name="com.google.android.datatransport.runtime.scheduling.jobscheduling.JobInfoSchedulerService"
195-->[com.google.android.datatransport:transport-runtime:2.2.6] AndroidManifest.xml:27:13-117
196            android:exported="false"
196-->[com.google.android.datatransport:transport-runtime:2.2.6] AndroidManifest.xml:28:13-37
197            android:permission="android.permission.BIND_JOB_SERVICE" >
197-->[com.google.android.datatransport:transport-runtime:2.2.6] AndroidManifest.xml:29:13-69
198        </service>
199
200        <receiver
200-->[com.google.android.datatransport:transport-runtime:2.2.6] AndroidManifest.xml:32:9-34:40
201            android:name="com.google.android.datatransport.runtime.scheduling.jobscheduling.AlarmManagerSchedulerBroadcastReceiver"
201-->[com.google.android.datatransport:transport-runtime:2.2.6] AndroidManifest.xml:33:13-132
202            android:exported="false" />
202-->[com.google.android.datatransport:transport-runtime:2.2.6] AndroidManifest.xml:34:13-37
203    </application>
204
205</manifest>